<?xml version="1.0" encoding="UTF-8"?>
<testng-results skipped="0" failed="0" ignored="0" total="1" passed="1">
  <reporter-output>
  </reporter-output>
  <suite name="Default suite" duration-ms="2055" started-at="2022-06-16T20:43:49 IST" finished-at="2022-06-16T20:43:51 IST">
    <groups>
    </groups>
    <test name="Default test" duration-ms="2055" started-at="2022-06-16T20:43:49 IST" finished-at="2022-06-16T20:43:51 IST">
      <class name="day11.TestNGsamples.Example3">
        <test-method status="PASS" signature="testCase3()[pri:0, instance:day11.TestNGsamples.Example3@2833cc44]" name="testCase3" duration-ms="2009" started-at="2022-06-16T20:43:49 IST" finished-at="2022-06-16T20:43:51 IST">
          <reporter-output>
          </reporter-output>
        </test-method> <!-- testCase3 -->
      </class> <!-- day11.TestNGsamples.Example3 -->
    </test> <!-- Default test -->
  </suite> <!-- Default suite -->
</testng-results>
