<?xml version="1.0" encoding="UTF-8"?>
<!-- Generated by org.testng.reporters.JUnitXMLReporter -->
<testsuite hostname="LAPTOP-61F7FSPK" name="Testing Parameterization" tests="4" failures="0" timestamp="23 Jun 2022 04:08:13 GMT" time="13.381" errors="0">
  <testcase name="testCaseOne" time="0.0" classname="day22.testngadvxml.Parameterization"/>
  <testcase name="testCaseTwo" time="0.0" classname="day22.testngadvxml.Parameterization"/>
  <testcase name="testCaseThree" time="0.0" classname="day22.testngadvxml.Parameterization"/>
  <testcase name="testLoginOfVtiger" time="13.349" classname="day22.testngadvxml.Parameterization"/>
</testsuite> <!-- Testing Parameterization -->
