<?xml version="1.0" encoding="UTF-8"?>
<!-- Generated by org.testng.reporters.JUnitXMLReporter -->
<testsuite hostname="LAPTOP-61F7FSPK" name="UnitTestingTestSuite" tests="17" failures="0" timestamp="23 Jun 2022 08:46:21 GMT" time="38.979" errors="0">
  <testcase name="setData" time="0.0" classname="day22.testngadvxml.DataProviderExample"/>
  <testcase name="setData" time="0.0" classname="day22.testngadvxml.DataProviderExample"/>
  <testcase name="setData" time="0.0" classname="day22.testngadvxml.DataProviderExample"/>
  <testcase name="testLoginOfVtiger" time="11.035" classname="day22.testngadvxml.DataProviderExample"/>
  <testcase name="testLoginOfVtiger" time="6.507" classname="day22.testngadvxml.DataProviderExample"/>
  <testcase name="testLoginOfVtiger" time="5.97" classname="day22.testngadvxml.DataProviderExample"/>
  <testcase name="testCaseFive" time="0.0" classname="day22.testngadvxml.GroupExamples"/>
  <testcase name="testCaseFour" time="0.001" classname="day22.testngadvxml.GroupExamples"/>
  <testcase name="testCaseOne" time="0.001" classname="day22.testngadvxml.GroupExamples"/>
  <testcase name="testCaseThree" time="0.0" classname="day22.testngadvxml.GroupExamples"/>
  <testcase name="testCaseTwo" time="0.0" classname="day22.testngadvxml.GroupExamples"/>
  <testcase name="testCaseOne" time="5.203" classname="day22.testngadvxml.ParallelExecutionOfMethods"/>
  <testcase name="testCaseTwo" time="10.169" classname="day22.testngadvxml.ParallelExecutionOfMethods"/>
  <testcase name="testCaseOne" time="0.0" classname="day22.testngadvxml.Parameterization">
    <skipped/>
  </testcase> <!-- testCaseOne -->
  <testcase name="testCaseTwo" time="0.0" classname="day22.testngadvxml.Parameterization">
    <skipped/>
  </testcase> <!-- testCaseTwo -->
  <testcase name="testCaseThree" time="0.0" classname="day22.testngadvxml.Parameterization">
    <skipped/>
  </testcase> <!-- testCaseThree -->
  <testcase name="testLoginOfVtiger" time="0.0" classname="day22.testngadvxml.Parameterization">
    <skipped/>
  </testcase> <!-- testLoginOfVtiger -->
</testsuite> <!-- UnitTestingTestSuite -->
