<?xml version="1.0" encoding="UTF-8"?>
<!-- Generated by org.testng.reporters.JUnitXMLReporter -->
<testsuite hostname="LAPTOP-61F7FSPK" name="testing" tests="3" failures="0" timestamp="23 Jun 2022 07:44:13 GMT" time="0.031" errors="0">
  <testcase name="testCaseFour" time="0.0" classname="day22.testngadvxml.GroupExamples"/>
  <testcase name="testCaseOne" time="0.0" classname="day22.testngadvxml.GroupExamples"/>
  <testcase name="testCaseTwo" time="0.0" classname="day22.testngadvxml.GroupExamples"/>
</testsuite> <!-- testing -->
