<?xml version="1.0" encoding="UTF-8"?>
<!-- Generated by org.testng.reporters.JUnitXMLReporter -->
<testsuite hostname="LAPTOP-61F7FSPK" name="UnitTestingTestSuite(failed)" tests="4" failures="0" timestamp="23 Jun 2022 09:16:58 GMT" time="0.032" errors="0">
  <testcase name="testCaseOne" time="0.0" classname="day22.testngadvxml.Parameterization">
    <skipped/>
  </testcase> <!-- testCaseOne -->
  <testcase name="testCaseTwo" time="0.0" classname="day22.testngadvxml.Parameterization">
    <skipped/>
  </testcase> <!-- testCaseTwo -->
  <testcase name="testCaseThree" time="0.0" classname="day22.testngadvxml.Parameterization">
    <skipped/>
  </testcase> <!-- testCaseThree -->
  <testcase name="testLoginOfVtiger" time="0.0" classname="day22.testngadvxml.Parameterization">
    <skipped/>
  </testcase> <!-- testLoginOfVtiger -->
</testsuite> <!-- UnitTestingTestSuite(failed) -->
